[     113ms] [LOG] %c Console Ninja extension is connected to Next.js browser, background: rgb(30,30,30); color: rgb(255,213,92) see https://tinyurl.com/2vt8jxzw for more info. @ :0
[     124ms] [INFO] %cDownload the React DevTools for a better development experience: https://react.dev/link/react-devtools font-weight:bold @ http://localhost:3000/_next/static/chunks/0z2._next_dist_0edbgmh._.js:2441
[     151ms] [LOG] [HMR] connected @ http://localhost:3000/_next/static/chunks/0z2._next_dist_0edbgmh._.js:2441
[     391ms] [WARNING] Clerk: Clerk has been loaded with development keys. Development instances have strict usage limits and should not be used when deploying your application to production. Learn more: https://clerk.com/docs/deployments/overview @ http://localhost:3000/_next/static/chunks/0z2._next_dist_0edbgmh._.js:2441
[     431ms] [LOG] [Fast Refresh] rebuilding @ http://localhost:3000/_next/static/chunks/0z2._next_dist_0edbgmh._.js:2441
[     635ms] [LOG] [Fast Refresh] done in 304ms @ http://localhost:3000/_next/static/chunks/0z2._next_dist_0edbgmh._.js:2441
[     656ms] [ERROR] Failed to load resource: the server responded with a status of 500 (Internal Server Error) @ http://localhost:3000/_next/image/?url=http%3A%2F%2Ffloristaindia.com%2Fwp-content%2Fuploads%2F2023%2F01%2Fvalentines-day-wishes.jpg_s1024x1024wisk20cb29Bgu2OVdWEXkaiaFdfkOddKNX8UvnDihcH82SLde4-1.jpg&w=64&q=75:0
[   23071ms] [LOG] [Fast Refresh] rebuilding @ http://localhost:3000/_next/static/chunks/0z2._next_dist_0edbgmh._.js:2441
[   23138ms] [ERROR] Failed to load resource: the server responded with a status of 500 (Internal Server Error) @ http://localhost:3000/api/orders/:0
[   23139ms] [LOG] [Fast Refresh] done in 168ms @ http://localhost:3000/_next/static/chunks/0z2._next_dist_0edbgmh._.js:2441
[   77149ms] [LOG] [Fast Refresh] rebuilding @ http://localhost:3000/_next/static/chunks/0z2._next_dist_0edbgmh._.js:2441
[   78292ms] [ERROR] WebSocket connection to 'ws://localhost:3000/_next/webpack-hmr?id=FA2smQ1m28dWUWM63ZIsm' failed: Error in connection establishment: net::ERR_CONNECTION_REFUSED @ http://localhost:3000/_next/static/chunks/0z2._next_dist_client_0o_d_65._.js:13307
[   79293ms] [ERROR] WebSocket connection to 'ws://localhost:3000/_next/webpack-hmr?id=FA2smQ1m28dWUWM63ZIsm' failed: Error in connection establishment: net::ERR_CONNECTION_REFUSED @ http://localhost:3000/_next/static/chunks/0z2._next_dist_client_0o_d_65._.js:13307
[   80294ms] [ERROR] WebSocket connection to 'ws://localhost:3000/_next/webpack-hmr?id=FA2smQ1m28dWUWM63ZIsm' failed: Error in connection establishment: net::ERR_CONNECTION_REFUSED @ http://localhost:3000/_next/static/chunks/0z2._next_dist_client_0o_d_65._.js:13307
[   81296ms] [ERROR] WebSocket connection to 'ws://localhost:3000/_next/webpack-hmr?id=FA2smQ1m28dWUWM63ZIsm' failed: Error in connection establishment: net::ERR_CONNECTION_REFUSED @ http://localhost:3000/_next/static/chunks/0z2._next_dist_client_0o_d_65._.js:13307
[   82297ms] [ERROR] WebSocket connection to 'ws://localhost:3000/_next/webpack-hmr?id=FA2smQ1m28dWUWM63ZIsm' failed: Error in connection establishment: net::ERR_CONNECTION_REFUSED @ http://localhost:3000/_next/static/chunks/0z2._next_dist_client_0o_d_65._.js:13307
[   87298ms] [ERROR] WebSocket connection to 'ws://localhost:3000/_next/webpack-hmr?id=FA2smQ1m28dWUWM63ZIsm' failed: Error in connection establishment: net::ERR_CONNECTION_REFUSED @ http://localhost:3000/_next/static/chunks/0z2._next_dist_client_0o_d_65._.js:13307
[   92299ms] [ERROR] WebSocket connection to 'ws://localhost:3000/_next/webpack-hmr?id=FA2smQ1m28dWUWM63ZIsm' failed: Error in connection establishment: net::ERR_CONNECTION_REFUSED @ http://localhost:3000/_next/static/chunks/0z2._next_dist_client_0o_d_65._.js:13307
[   97304ms] [LOG] [HMR] connected @ http://localhost:3000/_next/static/chunks/0z2._next_dist_0edbgmh._.js:2441
[   98058ms] [LOG] %c Console Ninja extension is connected to Next.js browser, background: rgb(30,30,30); color: rgb(255,213,92) see https://tinyurl.com/2vt8jxzw for more info. @ :0
[   98064ms] [INFO] %cDownload the React DevTools for a better development experience: https://react.dev/link/react-devtools font-weight:bold @ http://localhost:3000/_next/static/chunks/0z2._next_dist_0edbgmh._.js:2441
[   98092ms] [LOG] [HMR] connected @ http://localhost:3000/_next/static/chunks/0z2._next_dist_0edbgmh._.js:2441
[   98213ms] [WARNING] Clerk: Clerk has been loaded with development keys. Development instances have strict usage limits and should not be used when deploying your application to production. Learn more: https://clerk.com/docs/deployments/overview @ http://localhost:3000/_next/static/chunks/0z2._next_dist_0edbgmh._.js:2441
[   98815ms] [LOG] [Fast Refresh] rebuilding @ http://localhost:3000/_next/static/chunks/0z2._next_dist_0edbgmh._.js:2441
[   98835ms] [LOG] [Fast Refresh] done in 120ms @ http://localhost:3000/_next/static/chunks/0z2._next_dist_0edbgmh._.js:2441
[   98841ms] [ERROR] Failed to load resource: the server responded with a status of 500 (Internal Server Error) @ http://localhost:3000/_next/image/?url=http%3A%2F%2Ffloristaindia.com%2Fwp-content%2Fuploads%2F2023%2F01%2Fvalentines-day-wishes.jpg_s1024x1024wisk20cb29Bgu2OVdWEXkaiaFdfkOddKNX8UvnDihcH82SLde4-1.jpg&w=64&q=75:0
[   98942ms] [LOG] [Fast Refresh] rebuilding @ http://localhost:3000/_next/static/chunks/0z2._next_dist_0edbgmh._.js:2441
[   98960ms] [LOG] [Fast Refresh] done in 118ms @ http://localhost:3000/_next/static/chunks/0z2._next_dist_0edbgmh._.js:2441
[  126409ms] [LOG] [Fast Refresh] rebuilding @ http://localhost:3000/_next/static/chunks/0z2._next_dist_0edbgmh._.js:2441
[  126736ms] [LOG] [Fast Refresh] done in 427ms @ http://localhost:3000/_next/static/chunks/0z2._next_dist_0edbgmh._.js:2441
[  156443ms] [LOG] [Fast Refresh] rebuilding @ http://localhost:3000/_next/static/chunks/0z2._next_dist_0edbgmh._.js:2441
[  156651ms] [LOG] [Fast Refresh] done in 308ms @ http://localhost:3000/_next/static/chunks/0z2._next_dist_0edbgmh._.js:2441
[  168390ms] [LOG] [Fast Refresh] rebuilding @ http://localhost:3000/_next/static/chunks/0z2._next_dist_0edbgmh._.js:2441
[  168478ms] [LOG] [Fast Refresh] done in 188ms @ http://localhost:3000/_next/static/chunks/0z2._next_dist_0edbgmh._.js:2441
