[     992ms] [LOG] %c Console Ninja extension is connected to Next.js browser, background: rgb(30,30,30); color: rgb(255,213,92) see https://tinyurl.com/2vt8jxzw for more info. @ :0
[    1004ms] [INFO] %cDownload the React DevTools for a better development experience: https://react.dev/link/react-devtools font-weight:bold @ http://localhost:3000/_next/static/chunks/0z2._next_dist_0edbgmh._.js:2441
[    1041ms] [LOG] [HMR] connected @ http://localhost:3000/_next/static/chunks/0z2._next_dist_0edbgmh._.js:2441
[    1299ms] [WARNING] Clerk: Clerk has been loaded with development keys. Development instances have strict usage limits and should not be used when deploying your application to production. Learn more: https://clerk.com/docs/deployments/overview @ http://localhost:3000/_next/static/chunks/0z2._next_dist_0edbgmh._.js:2441
[    1931ms] [VERBOSE] [DOM] Input elements should have autocomplete attributes (suggested: "current-password"): (More info: https://goo.gl/9p2vKq) %o @ http://localhost:3000/sign-in/?redirect_url=http%3A%2F%2Flocalhost%3A3000%2Fadmin%2F:0
[  403132ms] [ERROR] WebSocket connection to 'ws://localhost:3000/_next/webpack-hmr?id=SGhgVBXwLv8yWqLzGTSGh' failed: Error in connection establishment: net::ERR_CONNECTION_REFUSED @ http://localhost:3000/_next/static/chunks/0z2._next_dist_client_0o_d_65._.js:13307
[  404134ms] [ERROR] WebSocket connection to 'ws://localhost:3000/_next/webpack-hmr?id=SGhgVBXwLv8yWqLzGTSGh' failed: Error in connection establishment: net::ERR_CONNECTION_REFUSED @ http://localhost:3000/_next/static/chunks/0z2._next_dist_client_0o_d_65._.js:13307
[  407300ms] [LOG] [HMR] connected @ http://localhost:3000/_next/static/chunks/0z2._next_dist_0edbgmh._.js:2441
[  409563ms] [LOG] %c Console Ninja extension is connected to Next.js browser, background: rgb(30,30,30); color: rgb(255,213,92) see https://tinyurl.com/2vt8jxzw for more info. @ :0
[  409571ms] [INFO] %cDownload the React DevTools for a better development experience: https://react.dev/link/react-devtools font-weight:bold @ http://localhost:3000/_next/static/chunks/0z2._next_dist_0edbgmh._.js:2441
[  409622ms] [LOG] [HMR] connected @ http://localhost:3000/_next/static/chunks/0z2._next_dist_0edbgmh._.js:2441
[  409759ms] [WARNING] Clerk: Clerk has been loaded with development keys. Development instances have strict usage limits and should not be used when deploying your application to production. Learn more: https://clerk.com/docs/deployments/overview @ http://localhost:3000/_next/static/chunks/0z2._next_dist_0edbgmh._.js:2441
[  410386ms] [VERBOSE] [DOM] Input elements should have autocomplete attributes (suggested: "current-password"): (More info: https://goo.gl/9p2vKq) %o @ http://localhost:3000/sign-in/?redirect_url=http%3A%2F%2Flocalhost%3A3000%2Fadmin%2F:0
[  846777ms] [LOG] [HMR] connected @ http://localhost:3000/_next/static/chunks/0z2._next_dist_0edbgmh._.js:2441
[  850023ms] [LOG] %c Console Ninja extension is connected to Next.js browser, background: rgb(30,30,30); color: rgb(255,213,92) see https://tinyurl.com/2vt8jxzw for more info. @ :0
[  850034ms] [INFO] %cDownload the React DevTools for a better development experience: https://react.dev/link/react-devtools font-weight:bold @ http://localhost:3000/_next/static/chunks/0z2._next_dist_0edbgmh._.js:2441
[  850070ms] [LOG] [HMR] connected @ http://localhost:3000/_next/static/chunks/0z2._next_dist_0edbgmh._.js:2441
[  850255ms] [ERROR] Failed to load resource: net::ERR_CONNECTION_REFUSED @ http://localhost:3000/favicon.ico?favicon.0x3dzn~oxb6tn.ico:0
[  850422ms] [WARNING] Clerk: Clerk has been loaded with development keys. Development instances have strict usage limits and should not be used when deploying your application to production. Learn more: https://clerk.com/docs/deployments/overview @ http://localhost:3000/_next/static/chunks/0z2._next_dist_0edbgmh._.js:2441
[  850432ms] [ERROR] WebSocket is already in CLOSING or CLOSED state. @ http://localhost:3000/_next/static/chunks/0z2._next_dist_0edbgmh._.js:2800
[  850957ms] [ERROR] Failed to load resource: net::ERR_CONNECTION_REFUSED @ http://localhost:3000/sign-in//SignIn_clerk_catchall_check_1775389445424:0
[  851130ms] [VERBOSE] [DOM] Input elements should have autocomplete attributes (suggested: "current-password"): (More info: https://goo.gl/9p2vKq) %o @ http://localhost:3000/sign-in/?redirect_url=http%3A%2F%2Flocalhost%3A3000%2Fadmin%2F:0
[  851215ms] [ERROR] WebSocket connection to 'ws://localhost:3000/_next/webpack-hmr?id=2-Jb8DwHaSN2lIv2MW0Kf' failed: Error in connection establishment: net::ERR_CONNECTION_REFUSED @ http://localhost:3000/_next/static/chunks/0z2._next_dist_client_0o_d_65._.js:13307
[  852217ms] [ERROR] WebSocket connection to 'ws://localhost:3000/_next/webpack-hmr?id=2-Jb8DwHaSN2lIv2MW0Kf' failed: Error in connection establishment: net::ERR_CONNECTION_REFUSED @ http://localhost:3000/_next/static/chunks/0z2._next_dist_client_0o_d_65._.js:13307
[  854716ms] [LOG] [HMR] connected @ http://localhost:3000/_next/static/chunks/0z2._next_dist_0edbgmh._.js:2441
[  856615ms] [LOG] %c Console Ninja extension is connected to Next.js browser, background: rgb(30,30,30); color: rgb(255,213,92) see https://tinyurl.com/2vt8jxzw for more info. @ :0
[  856623ms] [INFO] %cDownload the React DevTools for a better development experience: https://react.dev/link/react-devtools font-weight:bold @ http://localhost:3000/_next/static/chunks/0z2._next_dist_0edbgmh._.js:2441
[  856640ms] [LOG] [HMR] connected @ http://localhost:3000/_next/static/chunks/0z2._next_dist_0edbgmh._.js:2441
[  856762ms] [WARNING] Clerk: Clerk has been loaded with development keys. Development instances have strict usage limits and should not be used when deploying your application to production. Learn more: https://clerk.com/docs/deployments/overview @ http://localhost:3000/_next/static/chunks/0z2._next_dist_0edbgmh._.js:2441
[  857417ms] [VERBOSE] [DOM] Input elements should have autocomplete attributes (suggested: "current-password"): (More info: https://goo.gl/9p2vKq) %o @ http://localhost:3000/sign-in/?redirect_url=http%3A%2F%2Flocalhost%3A3000%2Fadmin%2F:0
